<?xml version="1.0" encoding="UTF-8"?>
<!-- Generated by org.testng.reporters.JUnitXMLReporter -->
<testsuite ignored="0" hostname="LAPTOP-DC5CTV5D" failures="0" tests="9" name="Test" time="0.051" errors="0" timestamp="2022-07-23T11:38:44 IST">
  <testcase classname="com.testingjava.DemoTest" name="createDemo1Test" time="0.008"/>
  <testcase classname="com.testingjava.DemoTest" name="createDemo2Test" time="0.001"/>
  <testcase classname="com.testingjava.DemoTest" name="createDemo3Test" time="0.0"/>
  <testcase classname="com.testingjava.DemoTest" name="createDemo4Test" time="0.001"/>
  <testcase classname="com.testingjava.DemoTest1" name="createDemo5" time="0.0"/>
  <testcase classname="com.testingjava.DemoTest1" name="createDemo6" time="0.001"/>
  <testcase classname="com.testingjava.DemoTest1" name="createDemo7" time="0.001"/>
  <testcase classname="com.testingjava.DemoTest2" name="createDemo1" time="0.001"/>
  <testcase classname="com.testingjava.DemoTest2" name="practiceTest1" time="0.001"/>
</testsuite> <!-- Test -->
